<?xml version="1.0" encoding="UTF-8"?>
<!-- Generated by org.testng.reporters.JUnitReportReporter -->
<testsuite skipped="0" hostname="sagar" name="com.testngPackage.TstngNewTest" tests="2" failures="0" timestamp="2019-11-30T11:31:17 IST" time="0.017" errors="0">
  <testcase name="test1" time="0.016" classname="com.testngPackage.TstngNewTest"/>
  <testcase name="test2" time="0.001" classname="com.testngPackage.TstngNewTest"/>
</testsuite> <!-- com.testngPackage.TstngNewTest -->
