<?xml version="1.0" encoding="UTF-8"?>
<!-- Generated by org.testng.reporters.JUnitReportReporter -->
<testsuite skipped="0" hostname="sagar" name="TstngNewTest" tests="1" failures="0" timestamp="2019-11-24T10:45:16 IST" time="0.008" errors="0">
  <testcase name="test" time="0.008" classname="TstngNewTest"/>
</testsuite> <!-- TstngNewTest -->
