<?xml version="1.0" encoding="UTF-8"?>
<!-- Generated by org.testng.reporters.JUnitReportReporter -->
<testsuite skipped="0" hostname="sagar" name="TstngNewTest" tests="2" failures="0" timestamp="24 Nov 2019 05:24:07 GMT" time="0.016" errors="0">
  <testcase name="test1" time="0.016" classname="TstngNewTest"/>
  <testcase name="test2" time="0.000" classname="TstngNewTest"/>
</testsuite> <!-- TstngNewTest -->
